<?xml version="1.0" encoding="UTF-8"?>
<!-- Generated by org.testng.reporters.JUnitReportReporter -->
<testsuite ignored="0" hostname="DESKTOP-1ULGF16" failures="0" tests="3" name="orangeHRM_AUTO.Login" time="15.537" errors="0" timestamp="23 Apr 2024 06:22:37 GMT" skipped="0">
  <testcase classname="orangeHRM_AUTO.Login" name="buzz_POST" time="2.142"/>
  <testcase classname="orangeHRM_AUTO.Login" name="username_functionality" time="7.880"/>
  <testcase classname="orangeHRM_AUTO.Login" name="buzz_functionality" time="5.515"/>
</testsuite> <!-- orangeHRM_AUTO.Login -->
